1682920786401	geckodriver	INFO	Listening on 127.0.0.1:62146
1682920786901	mozrunner::runner	INFO	Running command: MOZ_CRASHREPORTER="1" MOZ_CRASHREPORTER_NO_REPORT="1" MOZ_CRASHREPORTER_SHUTDOWN="1" MOZ_NO_REMOTE="1" "/App ... s" "localhost" "-foreground" "-no-remote" "-profile" "/var/folders/6n/qf1dgz_14312phvzhn1wwcb40000gn/T/rust_mozprofileiMSac3"
console.warn: services.settings: Ignoring preference override of remote settings server
console.warn: services.settings: Allow by setting MOZ_REMOTE_SETTINGS_DEVTOOLS=1 in the environment
1682920788125	Marionette	INFO	Marionette enabled
2023-05-01 15:59:48.457 plugin-container[18286:525608] nil host used in call to allowsSpecificHTTPSCertificateForHost
2023-05-01 15:59:48.458 plugin-container[18286:525608] nil host used in call to allowsAnyHTTPSCertificateForHost:
2023-05-01 15:59:48.490 plugin-container[18286:525608] nil host used in call to allowsSpecificHTTPSCertificateForHost
2023-05-01 15:59:48.490 plugin-container[18286:525608] nil host used in call to allowsAnyHTTPSCertificateForHost:
2023-05-01 15:59:48.491 plugin-container[18286:525606] nil host used in call to allowsSpecificHTTPSCertificateForHost
2023-05-01 15:59:48.491 plugin-container[18286:525606] nil host used in call to allowsAnyHTTPSCertificateForHost:
1682920788563	Marionette	INFO	Listening on port 62154
Read port: 62154
console.error: "Warning: unrecognized command line flag -remote-allow-hosts\n"
WebDriver BiDi listening on ws://127.0.0.1:62147
1682920788770	RemoteAgent	WARN	TLS certificate errors will be ignored for this session
console.warn: SearchSettings: "get: No settings file exists, new profile?" (new NotFoundError("Could not open the file at /var/folders/6n/qf1dgz_14312phvzhn1wwcb40000gn/T/rust_mozprofileiMSac3/search.json.mozlz4", (void 0)))
[ERROR glean_core] Error setting metrics feature config: Json(Error("EOF while parsing a value", line: 1, column: 0))
DevTools listening on ws://127.0.0.1:62147/devtools/browser/f97d99d9-d432-4854-b8b9-0ebb93f5131b
JavaScript warning: https://static.cdninstagram.com/rsrc.php/v3iqcA4/yZ/l/en_US/kpwV2ypks3c.js?_nc_x=Ij3Wp8lg5Kz, line 27: WEBGL_debug_renderer_info is deprecated in Firefox and will be removed. Please use RENDERER.
JavaScript warning: https://static.cdninstagram.com/rsrc.php/v3iqcA4/yZ/l/en_US/kpwV2ypks3c.js?_nc_x=Ij3Wp8lg5Kz, line 27: WEBGL_debug_renderer_info is deprecated in Firefox and will be removed. Please use RENDERER.
1682920814139	Marionette	INFO	Stopped listening on port 62154
1682920854756	geckodriver	INFO	Listening on 127.0.0.1:62207
1682920855272	mozrunner::runner	INFO	Running command: MOZ_CRASHREPORTER="1" MOZ_CRASHREPORTER_NO_REPORT="1" MOZ_CRASHREPORTER_SHUTDOWN="1" MOZ_NO_REMOTE="1" "/App ... s" "localhost" "-foreground" "-no-remote" "-profile" "/var/folders/6n/qf1dgz_14312phvzhn1wwcb40000gn/T/rust_mozprofileC3fooM"
console.warn: services.settings: Ignoring preference override of remote settings server
console.warn: services.settings: Allow by setting MOZ_REMOTE_SETTINGS_DEVTOOLS=1 in the environment
1682920856178	Marionette	INFO	Marionette enabled
1682920856387	Marionette	INFO	Listening on port 62216
Read port: 62216
console.error: "Warning: unrecognized command line flag -remote-allow-hosts\n"
2023-05-01 16:00:56.559 plugin-container[18323:527070] nil host used in call to allowsSpecificHTTPSCertificateForHost
2023-05-01 16:00:56.559 plugin-container[18323:527070] nil host used in call to allowsAnyHTTPSCertificateForHost:
2023-05-01 16:00:56.567 plugin-container[18323:527070] nil host used in call to allowsSpecificHTTPSCertificateForHost
2023-05-01 16:00:56.567 plugin-container[18323:527070] nil host used in call to allowsAnyHTTPSCertificateForHost:
2023-05-01 16:00:56.568 plugin-container[18323:527078] nil host used in call to allowsSpecificHTTPSCertificateForHost
2023-05-01 16:00:56.568 plugin-container[18323:527078] nil host used in call to allowsAnyHTTPSCertificateForHost:
WebDriver BiDi listening on ws://127.0.0.1:62208
1682920856893	RemoteAgent	WARN	TLS certificate errors will be ignored for this session
console.warn: SearchSettings: "get: No settings file exists, new profile?" (new NotFoundError("Could not open the file at /var/folders/6n/qf1dgz_14312phvzhn1wwcb40000gn/T/rust_mozprofileC3fooM/search.json.mozlz4", (void 0)))
[ERROR glean_core] Error setting metrics feature config: Json(Error("EOF while parsing a value", line: 1, column: 0))
DevTools listening on ws://127.0.0.1:62208/devtools/browser/dd197fb9-c7fa-448a-a508-d6bd57b2c16d
JavaScript warning: https://static.cdninstagram.com/rsrc.php/v3iqcA4/yZ/l/en_US/kpwV2ypks3c.js?_nc_x=Ij3Wp8lg5Kz, line 27: WEBGL_debug_renderer_info is deprecated in Firefox and will be removed. Please use RENDERER.
1682920882477	Marionette	INFO	Stopped listening on port 62216
JavaScript warning: https://static.cdninstagram.com/rsrc.php/v3iqcA4/yZ/l/en_US/kpwV2ypks3c.js?_nc_x=Ij3Wp8lg5Kz, line 27: WEBGL_debug_renderer_info is deprecated in Firefox and will be removed. Please use RENDERER.
